<?xml version="1.0" encoding="UTF-8"?>
<!-- Generated by org.testng.reporters.JUnitReportReporter -->
<testsuite hostname="DESKTOP-6KBJ43O" failures="0" tests="2" name="TestNGConcepts.Demo2" time="0.004" errors="0" timestamp="2023-06-04T19:07:40 IST" skipped="0">
  <testcase classname="TestNGConcepts.Demo2" name="p1Loan" time="0.002"/>
  <system-out/>
  <testcase classname="TestNGConcepts.Demo2" name="pLoan" time="0.002"/>
  <system-out/>
</testsuite> <!-- TestNGConcepts.Demo2 -->
