<?xml version="1.0" encoding="UTF-8"?>
<!-- Generated by org.testng.reporters.JUnitReportReporter -->
<testsuite hostname="DESKTOP-6KBJ43O" failures="0" tests="4" name="selenium.Priority" time="0.034" errors="0" timestamp="2023-06-05T22:58:49 IST" skipped="0">
  <testcase classname="selenium.Priority" name="test4" time="0.025"/>
  <system-out/>
  <testcase classname="selenium.Priority" name="test3" time="0.005"/>
  <system-out/>
  <testcase classname="selenium.Priority" name="test1" time="0.002"/>
  <system-out/>
  <testcase classname="selenium.Priority" name="test2" time="0.002"/>
  <system-out/>
</testsuite> <!-- selenium.Priority -->
