<?xml version="1.0" encoding="UTF-8"?>
<!-- Generated by org.testng.reporters.JUnitReportReporter -->
<testsuite hostname="DESKTOP-6KBJ43O" failures="0" tests="1" name="TestNGConcepts.Demo" time="0.015" errors="0" timestamp="2023-06-04T19:07:40 IST" skipped="0">
  <testcase classname="TestNGConcepts.Demo" name="firstTest" time="0.015"/>
  <system-out/>
</testsuite> <!-- TestNGConcepts.Demo -->
