<?xml version="1.0" encoding="UTF-8"?>
<!-- Generated by org.testng.reporters.JUnitReportReporter -->
<testsuite hostname="DESKTOP-6KBJ43O" failures="0" tests="1" name="selenium.takeScreenShot" time="6.715" errors="0" timestamp="2023-05-24T12:32:53 IST" skipped="0">
  <testcase classname="selenium.takeScreenShot" name="capturescreenShot" time="6.715"/>
  <system-out/>
</testsuite> <!-- selenium.takeScreenShot -->
