<?xml version="1.0" encoding="UTF-8"?>
<!-- Generated by org.testng.reporters.JUnitReportReporter -->
<testsuite hostname="DESKTOP-6KBJ43O" failures="0" tests="1" name="com.testngConcepts.dataprovider" time="0.000" errors="0" timestamp="2023-05-26T12:05:55 IST" skipped="1">
  <testcase classname="com.testngConcepts.dataprovider" name="loginTest" time="0.000">
    <skipped/>
  </testcase> <!-- loginTest -->
  <system-out/>
</testsuite> <!-- com.testngConcepts.dataprovider -->
