<?xml version="1.0" encoding="UTF-8"?>
<!-- Generated by org.testng.reporters.JUnitReportReporter -->
<testsuite hostname="DESKTOP-6KBJ43O" failures="0" tests="1" name="TestNGConcepts.dataprovider" time="0.000" errors="0" timestamp="2023-06-04T17:46:48 IST" skipped="1">
  <testcase classname="TestNGConcepts.dataprovider" name="loginTest" time="0.000">
    <skipped/>
  </testcase> <!-- loginTest -->
  <system-out/>
</testsuite> <!-- TestNGConcepts.dataprovider -->
