<?xml version="1.0" encoding="UTF-8"?>
<!-- Generated by org.testng.reporters.JUnitReportReporter -->
<testsuite hostname="DESKTOP-6KBJ43O" failures="0" tests="1" name="selenium.Alert" time="12.163" errors="0" timestamp="2023-05-24T17:21:32 IST" skipped="0">
  <testcase classname="selenium.Alert" name="handleAlert" time="12.163"/>
  <system-out/>
</testsuite> <!-- selenium.Alert -->
